<?xml version="1.0" encoding="UTF-8"?>
<!-- Generated by org.testng.reporters.JUnitReportReporter -->
<testsuite hostname="DESKTOP-5LNBGJB" failures="0" tests="1" name="PageObjects.TC_001_Login" time="9.531" errors="0" timestamp="2023-10-05T11:12:00 IST" skipped="0">
  <testcase classname="PageObjects.TC_001_Login" name="logintest" time="9.531"/>
</testsuite> <!-- PageObjects.TC_001_Login -->
