<?xml version="1.0" encoding="UTF-8"?>
<!-- Generated by org.testng.reporters.JUnitReportReporter -->
<testsuite hostname="DESKTOP-5LNBGJB" failures="0" tests="1" name="Tasks.TC_001_Registeration" time="14.447" errors="0" timestamp="2023-10-04T11:24:38 IST" skipped="0">
  <testcase classname="Tasks.TC_001_Registeration" name="Register" time="14.447"/>
</testsuite> <!-- Tasks.TC_001_Registeration -->
