<?xml version="1.0" encoding="UTF-8"?>
<!-- Generated by org.testng.reporters.JUnitReportReporter -->
<testsuite hostname="DESKTOP-5LNBGJB" failures="0" tests="1" name="TestCases.TC_LoginPage" time="7.516" errors="0" timestamp="2023-10-11T11:40:00 IST" skipped="0">
  <testcase classname="TestCases.TC_LoginPage" name="logintest" time="7.516"/>
  <system-out/>
</testsuite> <!-- TestCases.TC_LoginPage -->
